<?xml version="1.0" encoding="UTF-8"?>
<robot generator="Robot 6.1.1 (Python 3.12.0 on win32)" generated="20231125 20:02:42.210" rpa="false" schemaversion="4">
<suite id="s1" name="testDemo1" source="C:\Users\erraj\RobotFramework\tests\testDemo1.robot">
<test id="s1-t1" name="Validate UnSuccesful login" line="14">
<kw name="open the browser with Mortgage payment url">
<kw name="Create Webdriver" library="SeleniumLibrary">
<arg>Chrome</arg>
<doc>Creates an instance of Selenium WebDriver.</doc>
<msg timestamp="20231125 20:02:42.359" level="INFO">Creating an instance of the Chrome WebDriver.</msg>
<status status="PASS" starttime="20231125 20:02:42.359" endtime="20231125 20:02:43.705"/>
</kw>
<kw name="Go To" library="SeleniumLibrary">
<arg>https://rahulshettyacademy.com/loginpagePractise</arg>
<doc>Navigates the current browser window to the provided ``url``.</doc>
<msg timestamp="20231125 20:02:43.705" level="INFO">Opening url 'https://rahulshettyacademy.com/loginpagePractise'</msg>
<status status="PASS" starttime="20231125 20:02:43.705" endtime="20231125 20:02:44.074"/>
</kw>
<status status="PASS" starttime="20231125 20:02:42.358" endtime="20231125 20:02:44.074"/>
</kw>
<kw name="Fill the login form">
<kw name="Input Text" library="SeleniumLibrary">
<arg>id:username</arg>
<arg>rahulshettyacademy</arg>
<doc>Types the given ``text`` into the text field identified by ``locator``.</doc>
<msg timestamp="20231125 20:02:44.076" level="INFO">Typing text 'rahulshettyacademy' into text field 'id:username'.</msg>
<status status="PASS" starttime="20231125 20:02:44.075" endtime="20231125 20:02:44.192"/>
</kw>
<kw name="Input Password" library="SeleniumLibrary">
<arg>id:password</arg>
<arg>123456</arg>
<doc>Types the given password into the text field identified by ``locator``.</doc>
<msg timestamp="20231125 20:02:44.192" level="INFO">Typing password into text field 'id:password'.</msg>
<msg timestamp="20231125 20:02:44.220" level="INFO">Temporally setting log level to: NONE</msg>
<msg timestamp="20231125 20:02:44.258" level="INFO">Log level changed from NONE to INFO.</msg>
<status status="PASS" starttime="20231125 20:02:44.192" endtime="20231125 20:02:44.258"/>
</kw>
<kw name="Click Button" library="SeleniumLibrary">
<arg>signInBtn</arg>
<doc>Clicks the button identified by ``locator``.</doc>
<msg timestamp="20231125 20:02:44.258" level="INFO">Clicking button 'signInBtn'.</msg>
<status status="PASS" starttime="20231125 20:02:44.258" endtime="20231125 20:02:44.305"/>
</kw>
<status status="PASS" starttime="20231125 20:02:44.075" endtime="20231125 20:02:44.305"/>
</kw>
<kw name="wait untill it checks and display error message">
<kw name="Wait Until Element Is Visible" library="SeleniumLibrary">
<arg>${Error_Message_Login}</arg>
<doc>Waits until the element ``locator`` is visible.</doc>
<status status="PASS" starttime="20231125 20:02:44.306" endtime="20231125 20:02:46.348"/>
</kw>
<status status="PASS" starttime="20231125 20:02:44.305" endtime="20231125 20:02:46.348"/>
</kw>
<kw name="verfiy error message is correct">
<kw name="Get Text" library="SeleniumLibrary">
<var>${result}</var>
<arg>${Error_Message_Login}</arg>
<doc>Returns the text value of the element identified by ``locator``.</doc>
<msg timestamp="20231125 20:02:46.363" level="INFO">${result} = Incorrect username/password.</msg>
<status status="PASS" starttime="20231125 20:02:46.348" endtime="20231125 20:02:46.363"/>
</kw>
<kw name="Should Be Equal As Strings" library="BuiltIn">
<arg>${result}</arg>
<arg>Incorrect username/password.</arg>
<doc>Fails if objects are unequal after converting them to strings.</doc>
<status status="PASS" starttime="20231125 20:02:46.363" endtime="20231125 20:02:46.363"/>
</kw>
<kw name="Element Text Should Be" library="SeleniumLibrary">
<arg>${Error_Message_Login}</arg>
<arg>Incorrect username/password.</arg>
<doc>Verifies that element ``locator`` contains exact the text ``expected``.</doc>
<msg timestamp="20231125 20:02:46.363" level="INFO">Verifying element 'css:.alert-danger' contains exact text 'Incorrect username/password.'.</msg>
<status status="PASS" starttime="20231125 20:02:46.363" endtime="20231125 20:02:46.374"/>
</kw>
<status status="PASS" starttime="20231125 20:02:46.348" endtime="20231125 20:02:46.374"/>
</kw>
<kw name="Close Browser" library="SeleniumLibrary" type="TEARDOWN">
<doc>Closes the current browser.</doc>
<status status="PASS" starttime="20231125 20:02:46.375" endtime="20231125 20:02:48.507"/>
</kw>
<status status="PASS" starttime="20231125 20:02:42.358" endtime="20231125 20:02:48.509"/>
</test>
<doc>To validate the login form</doc>
<status status="PASS" starttime="20231125 20:02:42.211" endtime="20231125 20:02:48.510"/>
</suite>
<statistics>
<total>
<stat pass="1" fail="0" skip="0">All Tests</stat>
</total>
<tag>
</tag>
<suite>
<stat pass="1" fail="0" skip="0" id="s1" name="testDemo1">testDemo1</stat>
</suite>
</statistics>
<errors>
</errors>
</robot>
